Dec 19 10:58:41 Updated: libquadmath-4.8.5-36.el7.x86_64
Dec 19 10:58:42 Updated: libgcc-4.8.5-36.el7.x86_64
Dec 19 10:58:43 Updated: libstdc++-4.8.5-36.el7.x86_64
Dec 19 10:58:49 Updated: libstdc++-devel-4.8.5-36.el7.x86_64
Dec 19 10:58:52 Updated: libgfortran-4.8.5-36.el7.x86_64
Dec 19 10:58:52 Updated: libgomp-4.8.5-36.el7.x86_64
Dec 19 10:58:56 Updated: cpp-4.8.5-36.el7.x86_64
Dec 19 10:59:03 Updated: gcc-4.8.5-36.el7.x86_64
Dec 19 10:59:04 Updated: libquadmath-devel-4.8.5-36.el7.x86_64
Dec 19 10:59:09 Updated: gcc-gfortran-4.8.5-36.el7.x86_64
Dec 19 10:59:15 Updated: gcc-c++-4.8.5-36.el7.x86_64
Dec 19 11:01:07 Updated: zlib-1.2.7-18.el7.x86_64
Dec 19 11:01:08 Updated: elfutils-libelf-0.172-2.el7.x86_64
Dec 19 11:01:08 Installed: zlib-devel-1.2.7-18.el7.x86_64
Dec 19 11:01:08 Installed: elfutils-default-yama-scope-0.172-2.el7.noarch
Dec 19 11:01:09 Updated: elfutils-libs-0.172-2.el7.x86_64
Dec 19 11:01:09 Updated: elfutils-0.172-2.el7.x86_64
Dec 19 11:01:09 Installed: elfutils-libelf-devel-0.172-2.el7.x86_64
Dec 19 11:05:28 Updated: libcom_err-1.42.9-13.el7.x86_64
Dec 19 11:05:31 Updated: libsepol-2.5-10.el7.x86_64
Dec 19 11:05:31 Updated: libss-1.42.9-13.el7.x86_64
Dec 19 11:05:48 Updated: pcre-8.32-17.el7.x86_64
Dec 19 11:05:51 Updated: libselinux-2.5-14.1.el7.x86_64
Dec 19 11:05:54 Updated: 1:openssl-libs-1.0.2k-16.el7.x86_64
Dec 19 11:05:56 Updated: krb5-libs-1.15.1-34.el7.x86_64
Dec 19 11:05:57 Updated: libkadm5-1.15.1-34.el7.x86_64
Dec 19 11:05:58 Installed: pcre-devel-8.32-17.el7.x86_64
Dec 19 11:05:59 Installed: libsepol-devel-2.5-10.el7.x86_64
Dec 19 11:06:00 Installed: libselinux-devel-2.5-14.1.el7.x86_64
Dec 19 11:06:01 Installed: libcom_err-devel-1.42.9-13.el7.x86_64
Dec 19 11:06:01 Updated: e2fsprogs-libs-1.42.9-13.el7.x86_64
Dec 19 11:06:01 Installed: libverto-devel-0.2.5-4.el7.x86_64
Dec 19 11:06:02 Installed: keyutils-libs-devel-1.5.8-3.el7.x86_64
Dec 19 11:06:02 Installed: krb5-devel-1.15.1-34.el7.x86_64
Dec 19 11:06:05 Installed: 1:openssl-devel-1.0.2k-16.el7.x86_64
Dec 19 11:06:07 Updated: e2fsprogs-1.42.9-13.el7.x86_64
Dec 19 11:06:10 Updated: krb5-workstation-1.15.1-34.el7.x86_64
Dec 19 11:06:11 Updated: 1:openssl-1.0.2k-16.el7.x86_64
Dec 19 11:06:12 Updated: libselinux-python-2.5-14.1.el7.x86_64
Dec 19 11:06:13 Updated: libselinux-utils-2.5-14.1.el7.x86_64
Dec 20 08:40:40 Updated: git-1.8.3.1-20.el7.x86_64
Dec 20 08:40:42 Updated: perl-Git-1.8.3.1-20.el7.noarch
